<?xml version="1.0" encoding="UTF-8"?>
<!-- Generated by org.testng.reporters.JUnitXMLReporter -->
<testsuite ignored="0" hostname="DayforceAHjZaFq" failures="0" tests="6" name="Default test" time="3.847" errors="0" timestamp="2025-04-01T16:33:50 IST">
  <testcase classname="WeatherAPIPackage.WeatherAPITest" name="testStatusCode" time="2.016"/>
  <testcase classname="WeatherAPIPackage.WeatherAPITest" name="testCityName" time="0.858"/>
  <testcase classname="WeatherAPIPackage.WeatherAPITest" name="testTemperatureExists" time="0.261"/>
  <testcase classname="WeatherAPIPackage.WeatherAPITest" name="testWeatherDescriptionExists" time="0.249"/>
  <testcase classname="WeatherAPIPackage.WeatherAPITest" name="testHumidityExists" time="0.198"/>
  <testcase classname="WeatherAPIPackage.WeatherAPITest" name="testWindSpeedExists" time="0.214"/>
</testsuite> <!-- Default test -->
