<?xml version="1.0" encoding="UTF-8"?>
<testng-results ignored="0" total="6" passed="6" failed="0" skipped="0">
  <reporter-output>
  </reporter-output>
  <suite started-at="2025-04-01T16:33:46 IST" name="Default suite" finished-at="2025-04-01T16:33:50 IST" duration-ms="3847">
    <groups>
    </groups>
    <test started-at="2025-04-01T16:33:46 IST" name="Default test" finished-at="2025-04-01T16:33:50 IST" duration-ms="3847">
      <class name="WeatherAPIPackage.WeatherAPITest">
        <test-method signature="testStatusCode()[pri:1, instance:WeatherAPIPackage.WeatherAPITest@67a20f67]" started-at="2025-04-01T16:33:46 IST" name="testStatusCode" finished-at="2025-04-01T16:33:48 IST" duration-ms="2016" status="PASS">
          <reporter-output>
          </reporter-output>
        </test-method> <!-- testStatusCode -->
        <test-method signature="testCityName()[pri:2, instance:WeatherAPIPackage.WeatherAPITest@67a20f67]" started-at="2025-04-01T16:33:48 IST" name="testCityName" finished-at="2025-04-01T16:33:49 IST" duration-ms="858" status="PASS">
          <reporter-output>
          </reporter-output>
        </test-method> <!-- testCityName -->
        <test-method signature="testTemperatureExists()[pri:3, instance:WeatherAPIPackage.WeatherAPITest@67a20f67]" started-at="2025-04-01T16:33:49 IST" name="testTemperatureExists" finished-at="2025-04-01T16:33:49 IST" duration-ms="261" status="PASS">
          <reporter-output>
          </reporter-output>
        </test-method> <!-- testTemperatureExists -->
        <test-method signature="testWeatherDescriptionExists()[pri:4, instance:WeatherAPIPackage.WeatherAPITest@67a20f67]" started-at="2025-04-01T16:33:49 IST" name="testWeatherDescriptionExists" finished-at="2025-04-01T16:33:49 IST" duration-ms="249" status="PASS">
          <reporter-output>
          </reporter-output>
        </test-method> <!-- testWeatherDescriptionExists -->
        <test-method signature="testHumidityExists()[pri:5, instance:WeatherAPIPackage.WeatherAPITest@67a20f67]" started-at="2025-04-01T16:33:49 IST" name="testHumidityExists" finished-at="2025-04-01T16:33:49 IST" duration-ms="198" status="PASS">
          <reporter-output>
          </reporter-output>
        </test-method> <!-- testHumidityExists -->
        <test-method signature="testWindSpeedExists()[pri:6, instance:WeatherAPIPackage.WeatherAPITest@67a20f67]" started-at="2025-04-01T16:33:49 IST" name="testWindSpeedExists" finished-at="2025-04-01T16:33:50 IST" duration-ms="214" status="PASS">
          <reporter-output>
          </reporter-output>
        </test-method> <!-- testWindSpeedExists -->
      </class> <!-- WeatherAPIPackage.WeatherAPITest -->
    </test> <!-- Default test -->
  </suite> <!-- Default suite -->
</testng-results>
