<?xml version="1.0" encoding="UTF-8"?>
<!-- Generated by org.testng.reporters.JUnitXMLReporter -->
<testsuite ignored="0" hostname="DayforceAHjZaFq" failures="0" tests="6" name="OpenMRS Tests" time="59.651" errors="0" timestamp="2025-04-02T15:13:13 IST">
  <testcase classname="myTests.LoginTests" name="testInvalidCredentials" time="4.611"/>
  <testcase classname="myTests.LoginTests" name="testBlankCredentials" time="1.465"/>
  <testcase classname="myTests.LoginTests" name="testValidCredentials" time="3.93"/>
  <testcase classname="myTests.LoginTests" name="testRegisterPatientNavigation" time="7.88"/>
  <testcase classname="myTests.RegisterPatientTests" name="testRegisterPatient" time="15.957"/>
  <testcase classname="myTests.EditPatientTests" name="testEditPatientInformation" time="18.447"/>
</testsuite> <!-- OpenMRS Tests -->
